<?xml version="1.0" encoding="UTF-8"?>
<!-- Generated by org.testng.reporters.JUnitReportReporter -->
<testsuite hostname="DESKTOP-TCBCG20" failures="0" tests="1" name="NewTestassignment" time="0.011" errors="0" timestamp="2021-08-28T23:56:11 IST" skipped="0">
  <testcase classname="NewTestassignment" name="f" time="0.011"/>
  <system-out/>
</testsuite> <!-- NewTestassignment -->
